

Version:	3.9
CmdLine:	C:\Users\Natali\Documents\NetBeansProjects\SensorDeTemperatura\SensorDeTemperatura.exe --l4j-debug
WOW64:		yes
Working dir:	C:\Users\Natali\Documents\NetBeansProjects\SensorDeTemperatura\.
Bundled JRE:	C:\Program Files\Java\jdk1.8.0_101\jre
Check launcher:	C:\Program Files\Java\jdk1.8.0_101\jre\bin\javaw.exe (OK)
Launcher:	C:\Program Files\Java\jdk1.8.0_101\jre\bin\javaw.exe
Launcher args:	-jar "C:\Users\Natali\Documents\NetBeansProjects\SensorDeTemperatura\SensorDeTemperatura.exe"
Args length:	93/32768 chars
Exit code:	0


Version:	3.9
CmdLine:	C:\Users\Natali\Documents\NetBeansProjects\SensorDeTemperatura\SensorDeTemperatura1.exe --l4j-debug
WOW64:		yes
Working dir:	C:\Users\Natali\Documents\NetBeansProjects\SensorDeTemperatura\.
Bundled JRE:	C:\Program Files\Java\jdk1.8.0_101\jre
Check launcher:	C:\Program Files\Java\jdk1.8.0_101\jre\bin\javaw.exe (OK)
Launcher:	C:\Program Files\Java\jdk1.8.0_101\jre\bin\javaw.exe
Launcher args:	-jar "C:\Users\Natali\Documents\NetBeansProjects\SensorDeTemperatura\SensorDeTemperatura1.exe"
Args length:	94/32768 chars
Exit code:	0
